<?xml version="1.0" encoding="UTF-8"?>
<testsuite name="com.lsm.test.springboot.web.IndexControllerTest" tests="1" skipped="0" failures="0" errors="0" timestamp="2022-01-26T12:13:30" hostname="knuprime074ui-MacBook-Pro.local" time="0.336">
  <properties/>
  <testcase name="메인페이지_로딩" classname="com.lsm.test.springboot.web.IndexControllerTest" time="0.336"/>
  <system-out><![CDATA[2022-01-26 21:13:27.878  INFO 82883 --- [    Test worker] .b.t.c.SpringBootTestContextBootstrapper : Neither @ContextConfiguration nor @ContextHierarchy found for test class [com.lsm.test.springboot.web.IndexControllerTest], using SpringBootContextLoader
2022-01-26 21:13:27.879  INFO 82883 --- [    Test worker] o.s.t.c.support.AbstractContextLoader    : Could not detect default resource locations for test class [com.lsm.test.springboot.web.IndexControllerTest]: no resource found for suffixes {-context.xml, Context.groovy}.
2022-01-26 21:13:27.879  INFO 82883 --- [    Test worker] t.c.s.AnnotationConfigContextLoaderUtils : Could not detect default configuration classes for test class [com.lsm.test.springboot.web.IndexControllerTest]: IndexControllerTest does not declare any static, non-private, non-final, nested classes annotated with @Configuration.
2022-01-26 21:13:27.881  INFO 82883 --- [    Test worker] .b.t.c.SpringBootTestContextBootstrapper : Found @SpringBootConfiguration com.lsm.test.springboot.Application for test class com.lsm.test.springboot.web.IndexControllerTest
2022-01-26 21:13:27.882  INFO 82883 --- [    Test worker] .b.t.c.SpringBootTestContextBootstrapper : Loaded default TestExecutionListener class names from location [META-INF/spring.factories]: [org.springframework.security.test.context.support.WithSecurityContextTestExecutionListener, org.springframework.security.test.context.support.ReactorContextTestExecutionListener, org.springframework.boot.test.autoconfigure.restdocs.RestDocsTestExecutionListener, org.springframework.boot.test.autoconfigure.web.client.MockRestServiceServerResetTestExecutionListener, org.springframework.boot.test.autoconfigure.web.servlet.MockMvcPrintOnlyOnFailureTestExecutionListener, org.springframework.boot.test.autoconfigure.web.servlet.WebDriverTestExecutionListener, org.springframework.boot.test.mock.mockito.MockitoTestExecutionListener, org.springframework.boot.test.mock.mockito.ResetMocksTestExecutionListener, org.springframework.test.context.web.ServletTestExecutionListener, org.springframework.test.context.support.DirtiesContextBeforeModesTestExecutionListener, org.springframework.test.context.support.DependencyInjectionTestExecutionListener, org.springframework.test.context.support.DirtiesContextTestExecutionListener, org.springframework.test.context.transaction.TransactionalTestExecutionListener, org.springframework.test.context.jdbc.SqlScriptsTestExecutionListener]
2022-01-26 21:13:27.883  INFO 82883 --- [    Test worker] .b.t.c.SpringBootTestContextBootstrapper : Using TestExecutionListeners: [org.springframework.test.context.web.ServletTestExecutionListener@9bc0319, org.springframework.test.context.support.DirtiesContextBeforeModesTestExecutionListener@161e9c11, org.springframework.boot.test.mock.mockito.MockitoTestExecutionListener@7392154e, org.springframework.boot.test.autoconfigure.SpringBootDependencyInjectionTestExecutionListener@a7ceea0, org.springframework.test.context.support.DirtiesContextTestExecutionListener@63b1803d, org.springframework.test.context.transaction.TransactionalTestExecutionListener@1ad664e, org.springframework.test.context.jdbc.SqlScriptsTestExecutionListener@62f62b50, org.springframework.security.test.context.support.WithSecurityContextTestExecutionListener@f12d040, org.springframework.security.test.context.support.ReactorContextTestExecutionListener@604d09f7, org.springframework.boot.test.autoconfigure.restdocs.RestDocsTestExecutionListener@a389ca6, org.springframework.boot.test.autoconfigure.web.client.MockRestServiceServerResetTestExecutionListener@59c79a1a, org.springframework.boot.test.autoconfigure.web.servlet.MockMvcPrintOnlyOnFailureTestExecutionListener@40ced1b2, org.springframework.boot.test.autoconfigure.web.servlet.WebDriverTestExecutionListener@48447aed, org.springframework.boot.test.mock.mockito.ResetMocksTestExecutionListener@65702ef]

  .   ____          _            __ _ _
 /\\ / ___'_ __ _ _(_)_ __  __ _ \ \ \ \
( ( )\___ | '_ | '_| | '_ \/ _` | \ \ \ \
 \\/  ___)| |_)| | | | | || (_| |  ) ) ) )
  '  |____| .__|_| |_|_| |_\__, | / / / /
 =========|_|==============|___/=/_/_/_/
 :: Spring Boot ::        (v2.1.7.RELEASE)

2022-01-26 21:13:27.916  INFO 82883 --- [    Test worker] c.l.t.s.web.IndexControllerTest          : Starting IndexControllerTest on knuprime074ui-MacBook-Pro.local with PID 82883 (started by leeseungmin in /Users/leeseungmin/Desktop/springboot-webservice)
2022-01-26 21:13:27.917  INFO 82883 --- [    Test worker] c.l.t.s.web.IndexControllerTest          : No active profile set, falling back to default profiles: default
2022-01-26 21:13:28.202  INFO 82883 --- [    Test worker] .s.d.r.c.RepositoryConfigurationDelegate : Bootstrapping Spring Data repositories in DEFAULT mode.
2022-01-26 21:13:28.237  INFO 82883 --- [    Test worker] .s.d.r.c.RepositoryConfigurationDelegate : Finished Spring Data repository scanning in 33ms. Found 2 repository interfaces.
2022-01-26 21:13:28.385  INFO 82883 --- [    Test worker] trationDelegate$BeanPostProcessorChecker : Bean 'org.springframework.transaction.annotation.ProxyTransactionManagementConfiguration' of type [org.springframework.transaction.annotation.ProxyTransactionManagementConfiguration$$EnhancerBySpringCGLIB$$6d314711] is not eligible for getting processed by all BeanPostProcessors (for example: not eligible for auto-proxying)
2022-01-26 21:13:28.759  INFO 82883 --- [    Test worker] o.s.b.w.embedded.tomcat.TomcatWebServer  : Tomcat initialized with port(s): 0 (http)
2022-01-26 21:13:28.804  INFO 82883 --- [    Test worker] o.apache.catalina.core.StandardService   : Starting service [Tomcat]
2022-01-26 21:13:28.805  INFO 82883 --- [    Test worker] org.apache.catalina.core.StandardEngine  : Starting Servlet engine: [Apache Tomcat/9.0.22]
2022-01-26 21:13:29.075  INFO 82883 --- [    Test worker] o.a.c.c.C.[Tomcat].[localhost].[/]       : Initializing Spring embedded WebApplicationContext
2022-01-26 21:13:29.075  INFO 82883 --- [    Test worker] o.s.web.context.ContextLoader            : Root WebApplicationContext: initialization completed in 1156 ms
2022-01-26 21:13:29.297  INFO 82883 --- [    Test worker] com.zaxxer.hikari.HikariDataSource       : HikariPool-2 - Starting...
2022-01-26 21:13:29.299  INFO 82883 --- [    Test worker] com.zaxxer.hikari.HikariDataSource       : HikariPool-2 - Start completed.
2022-01-26 21:13:29.342  INFO 82883 --- [    Test worker] o.hibernate.jpa.internal.util.LogHelper  : HHH000204: Processing PersistenceUnitInfo [
	name: default
	...]
2022-01-26 21:13:29.351  INFO 82883 --- [    Test worker] org.hibernate.dialect.Dialect            : HHH000400: Using dialect: org.hibernate.dialect.MySQL5InnoDBDialect
Hibernate: drop table if exists posts
Hibernate: drop table if exists user
Hibernate: create table posts (id bigint not null auto_increment, create_date datetime, modified_date datetime, author varchar(255), content TEXT not null, title varchar(500) not null, primary key (id)) engine=InnoDB
Hibernate: create table user (id bigint not null auto_increment, create_date datetime, modified_date datetime, email varchar(255) not null, name varchar(255) not null, picture varchar(255), role varchar(255) not null, primary key (id)) engine=InnoDB
2022-01-26 21:13:29.418  INFO 82883 --- [    Test worker] o.h.t.schema.internal.SchemaCreatorImpl  : HHH000476: Executing import script 'org.hibernate.tool.schema.internal.exec.ScriptSourceInputNonExistentImpl@72697384'
2022-01-26 21:13:29.419  INFO 82883 --- [    Test worker] j.LocalContainerEntityManagerFactoryBean : Initialized JPA EntityManagerFactory for persistence unit 'default'
2022-01-26 21:13:29.840  INFO 82883 --- [    Test worker] o.h.h.i.QueryTranslatorFactoryInitiator  : HHH000397: Using ASTQueryTranslatorFactory
2022-01-26 21:13:30.034  INFO 82883 --- [    Test worker] o.s.s.web.DefaultSecurityFilterChain     : Creating filter chain: any request, [org.springframework.security.web.context.request.async.WebAsyncManagerIntegrationFilter@2c6399fc, org.springframework.security.web.context.SecurityContextPersistenceFilter@7a8a7071, org.springframework.security.web.header.HeaderWriterFilter@7f53995d, org.springframework.security.web.authentication.logout.LogoutFilter@7b80f857, org.springframework.security.oauth2.client.web.OAuth2AuthorizationRequestRedirectFilter@3579c1b8, org.springframework.security.oauth2.client.web.OAuth2LoginAuthenticationFilter@1d2c5b0a, org.springframework.security.web.authentication.ui.DefaultLoginPageGeneratingFilter@5220139a, org.springframework.security.web.authentication.ui.DefaultLogoutPageGeneratingFilter@243b212c, org.springframework.security.web.savedrequest.RequestCacheAwareFilter@7ca56874, org.springframework.security.web.servletapi.SecurityContextHolderAwareRequestFilter@1f5f8fcc, org.springframework.security.web.authentication.AnonymousAuthenticationFilter@5f345012, org.springframework.security.web.session.SessionManagementFilter@38dead90, org.springframework.security.web.access.ExceptionTranslationFilter@755e7efa, org.springframework.security.web.access.intercept.FilterSecurityInterceptor@637d65b1]
2022-01-26 21:13:30.261  INFO 82883 --- [    Test worker] o.s.s.concurrent.ThreadPoolTaskExecutor  : Initializing ExecutorService 'applicationTaskExecutor'
2022-01-26 21:13:30.280  WARN 82883 --- [    Test worker] aWebConfiguration$JpaWebMvcConfiguration : spring.jpa.open-in-view is enabled by default. Therefore, database queries may be performed during view rendering. Explicitly configure spring.jpa.open-in-view to disable this warning
2022-01-26 21:13:30.314  INFO 82883 --- [    Test worker] o.s.b.a.w.s.WelcomePageHandlerMapping    : Adding welcome page template: index
2022-01-26 21:13:30.683  INFO 82883 --- [    Test worker] s.a.ScheduledAnnotationBeanPostProcessor : No TaskScheduler/ScheduledExecutorService bean found for scheduled processing
2022-01-26 21:13:30.715  INFO 82883 --- [    Test worker] o.s.b.w.embedded.tomcat.TomcatWebServer  : Tomcat started on port(s): 51788 (http) with context path ''
2022-01-26 21:13:30.716  INFO 82883 --- [    Test worker] c.l.t.s.web.IndexControllerTest          : Started IndexControllerTest in 2.831 seconds (JVM running for 14.666)
2022-01-26 21:13:30.871  INFO 82883 --- [o-auto-1-exec-1] o.a.c.c.C.[Tomcat].[localhost].[/]       : Initializing Spring DispatcherServlet 'dispatcherServlet'
2022-01-26 21:13:30.871  INFO 82883 --- [o-auto-1-exec-1] o.s.web.servlet.DispatcherServlet        : Initializing Servlet 'dispatcherServlet'
2022-01-26 21:13:30.923  INFO 82883 --- [o-auto-1-exec-1] o.s.web.servlet.DispatcherServlet        : Completed initialization in 52 ms
Hibernate: select posts0_.id as id1_0_, posts0_.create_date as create_d2_0_, posts0_.modified_date as modified3_0_, posts0_.author as author4_0_, posts0_.content as content5_0_, posts0_.title as title6_0_ from posts posts0_ order by posts0_.id desc
]]></system-out>
  <system-err><![CDATA[]]></system-err>
</testsuite>
