<?xml version="1.0" encoding="UTF-8"?>
<testsuite name="com.lsm.test.springboot.web.HelloControllerTest" tests="2" skipped="0" failures="0" errors="0" timestamp="2022-01-24T18:10:50" hostname="knuprime074ui-MacBook-Pro.local" time="0.267">
  <properties/>
  <testcase name="hello가_리턴퇸다" classname="com.lsm.test.springboot.web.HelloControllerTest" time="0.108"/>
  <testcase name="helloDto가_리턴퇸다" classname="com.lsm.test.springboot.web.HelloControllerTest" time="0.158"/>
  <system-out><![CDATA[2022-01-25 03:10:48.404  INFO 70386 --- [    Test worker] .b.t.a.w.s.WebMvcTestContextBootstrapper : Neither @ContextConfiguration nor @ContextHierarchy found for test class [com.lsm.test.springboot.web.HelloControllerTest], using SpringBootContextLoader
2022-01-25 03:10:48.407  INFO 70386 --- [    Test worker] o.s.t.c.support.AbstractContextLoader    : Could not detect default resource locations for test class [com.lsm.test.springboot.web.HelloControllerTest]: no resource found for suffixes {-context.xml, Context.groovy}.
2022-01-25 03:10:48.407  INFO 70386 --- [    Test worker] t.c.s.AnnotationConfigContextLoaderUtils : Could not detect default configuration classes for test class [com.lsm.test.springboot.web.HelloControllerTest]: HelloControllerTest does not declare any static, non-private, non-final, nested classes annotated with @Configuration.
2022-01-25 03:10:48.476  INFO 70386 --- [    Test worker] .b.t.c.SpringBootTestContextBootstrapper : Found @SpringBootConfiguration com.lsm.test.springboot.Application for test class com.lsm.test.springboot.web.HelloControllerTest
2022-01-25 03:10:48.477  INFO 70386 --- [    Test worker] .b.t.a.w.s.WebMvcTestContextBootstrapper : Loaded default TestExecutionListener class names from location [META-INF/spring.factories]: [org.springframework.security.test.context.support.WithSecurityContextTestExecutionListener, org.springframework.security.test.context.support.ReactorContextTestExecutionListener, org.springframework.boot.test.autoconfigure.restdocs.RestDocsTestExecutionListener, org.springframework.boot.test.autoconfigure.web.client.MockRestServiceServerResetTestExecutionListener, org.springframework.boot.test.autoconfigure.web.servlet.MockMvcPrintOnlyOnFailureTestExecutionListener, org.springframework.boot.test.autoconfigure.web.servlet.WebDriverTestExecutionListener, org.springframework.boot.test.mock.mockito.MockitoTestExecutionListener, org.springframework.boot.test.mock.mockito.ResetMocksTestExecutionListener, org.springframework.test.context.web.ServletTestExecutionListener, org.springframework.test.context.support.DirtiesContextBeforeModesTestExecutionListener, org.springframework.test.context.support.DependencyInjectionTestExecutionListener, org.springframework.test.context.support.DirtiesContextTestExecutionListener, org.springframework.test.context.transaction.TransactionalTestExecutionListener, org.springframework.test.context.jdbc.SqlScriptsTestExecutionListener]
2022-01-25 03:10:48.478  INFO 70386 --- [    Test worker] .b.t.a.w.s.WebMvcTestContextBootstrapper : Using TestExecutionListeners: [org.springframework.test.context.web.ServletTestExecutionListener@27441b23, org.springframework.test.context.support.DirtiesContextBeforeModesTestExecutionListener@1fbd8c96, org.springframework.boot.test.mock.mockito.MockitoTestExecutionListener@37693494, org.springframework.boot.test.autoconfigure.SpringBootDependencyInjectionTestExecutionListener@6a685f8f, org.springframework.test.context.support.DirtiesContextTestExecutionListener@6df2dce2, org.springframework.test.context.transaction.TransactionalTestExecutionListener@1ed824f6, org.springframework.test.context.jdbc.SqlScriptsTestExecutionListener@60eb7e2d, org.springframework.security.test.context.support.WithSecurityContextTestExecutionListener@48d7d198, org.springframework.security.test.context.support.ReactorContextTestExecutionListener@33b901ac, org.springframework.boot.test.autoconfigure.restdocs.RestDocsTestExecutionListener@6c996cb9, org.springframework.boot.test.autoconfigure.web.client.MockRestServiceServerResetTestExecutionListener@57387d11, org.springframework.boot.test.autoconfigure.web.servlet.MockMvcPrintOnlyOnFailureTestExecutionListener@21953d7f, org.springframework.boot.test.autoconfigure.web.servlet.WebDriverTestExecutionListener@5adafc80, org.springframework.boot.test.mock.mockito.ResetMocksTestExecutionListener@7d01afc6]

  .   ____          _            __ _ _
 /\\ / ___'_ __ _ _(_)_ __  __ _ \ \ \ \
( ( )\___ | '_ | '_| | '_ \/ _` | \ \ \ \
 \\/  ___)| |_)| | | | | || (_| |  ) ) ) )
  '  |____| .__|_| |_|_| |_\__, | / / / /
 =========|_|==============|___/=/_/_/_/
 :: Spring Boot ::        (v2.1.7.RELEASE)

2022-01-25 03:10:48.597  INFO 70386 --- [    Test worker] c.l.t.s.web.HelloControllerTest          : Starting HelloControllerTest on knuprime074ui-MacBook-Pro.local with PID 70386 (started by leeseungmin in /Users/leeseungmin/Desktop/springboot-webservice)
2022-01-25 03:10:48.600  INFO 70386 --- [    Test worker] c.l.t.s.web.HelloControllerTest          : No active profile set, falling back to default profiles: default
2022-01-25 03:10:49.389  INFO 70386 --- [    Test worker] o.s.s.concurrent.ThreadPoolTaskExecutor  : Initializing ExecutorService 'applicationTaskExecutor'
2022-01-25 03:10:49.443  INFO 70386 --- [    Test worker] o.s.b.a.w.s.WelcomePageHandlerMapping    : Adding welcome page template: index
2022-01-25 03:10:49.746  INFO 70386 --- [    Test worker] .s.s.UserDetailsServiceAutoConfiguration : 

Using generated security password: 427a1613-2a26-45ba-ad9c-86729260ac45

2022-01-25 03:10:49.915  INFO 70386 --- [    Test worker] o.s.s.web.DefaultSecurityFilterChain     : Creating filter chain: any request, [org.springframework.security.web.context.request.async.WebAsyncManagerIntegrationFilter@71c3c065, org.springframework.security.web.context.SecurityContextPersistenceFilter@1dd424f0, org.springframework.security.web.header.HeaderWriterFilter@1c13e7cb, org.springframework.security.web.csrf.CsrfFilter@712c0b81, org.springframework.security.web.authentication.logout.LogoutFilter@5206f4ee, org.springframework.security.web.authentication.UsernamePasswordAuthenticationFilter@5b93a30, org.springframework.security.web.authentication.ui.DefaultLoginPageGeneratingFilter@1980cfe1, org.springframework.security.web.authentication.ui.DefaultLogoutPageGeneratingFilter@112aa3cf, org.springframework.security.web.authentication.www.BasicAuthenticationFilter@7a8e1039, org.springframework.security.web.savedrequest.RequestCacheAwareFilter@3fbcee4, org.springframework.security.web.servletapi.SecurityContextHolderAwareRequestFilter@d55cef, org.springframework.security.web.authentication.AnonymousAuthenticationFilter@1b2f660b, org.springframework.security.web.session.SessionManagementFilter@d7287cb, org.springframework.security.web.access.ExceptionTranslationFilter@d726876, org.springframework.security.web.access.intercept.FilterSecurityInterceptor@7e10f1ec]
2022-01-25 03:10:49.960  INFO 70386 --- [    Test worker] o.s.b.t.m.w.SpringBootMockServletContext : Initializing Spring TestDispatcherServlet ''
2022-01-25 03:10:49.960  INFO 70386 --- [    Test worker] o.s.t.web.servlet.TestDispatcherServlet  : Initializing Servlet ''
2022-01-25 03:10:49.993  INFO 70386 --- [    Test worker] o.s.t.web.servlet.TestDispatcherServlet  : Completed initialization in 33 ms
2022-01-25 03:10:50.053  INFO 70386 --- [    Test worker] c.l.t.s.web.HelloControllerTest          : Started HelloControllerTest in 1.546 seconds (JVM running for 12.724)
]]></system-out>
  <system-err><![CDATA[]]></system-err>
</testsuite>
