<?xml version="1.0" encoding="UTF-8"?>
<testsuite name="com.lsm.test.springboot.web.HelloControllerTest" tests="2" skipped="0" failures="0" errors="0" timestamp="2022-01-26T12:13:27" hostname="knuprime074ui-MacBook-Pro.local" time="0.199">
  <properties/>
  <testcase name="hello가_리턴퇸다" classname="com.lsm.test.springboot.web.HelloControllerTest" time="0.086"/>
  <testcase name="helloDto가_리턴퇸다" classname="com.lsm.test.springboot.web.HelloControllerTest" time="0.112"/>
  <system-out><![CDATA[2022-01-26 21:13:26.402  INFO 82883 --- [    Test worker] .b.t.a.w.s.WebMvcTestContextBootstrapper : Neither @ContextConfiguration nor @ContextHierarchy found for test class [com.lsm.test.springboot.web.HelloControllerTest], using SpringBootContextLoader
2022-01-26 21:13:26.403  INFO 82883 --- [    Test worker] o.s.t.c.support.AbstractContextLoader    : Could not detect default resource locations for test class [com.lsm.test.springboot.web.HelloControllerTest]: no resource found for suffixes {-context.xml, Context.groovy}.
2022-01-26 21:13:26.404  INFO 82883 --- [    Test worker] t.c.s.AnnotationConfigContextLoaderUtils : Could not detect default configuration classes for test class [com.lsm.test.springboot.web.HelloControllerTest]: HelloControllerTest does not declare any static, non-private, non-final, nested classes annotated with @Configuration.
2022-01-26 21:13:26.467  INFO 82883 --- [    Test worker] .b.t.c.SpringBootTestContextBootstrapper : Found @SpringBootConfiguration com.lsm.test.springboot.Application for test class com.lsm.test.springboot.web.HelloControllerTest
2022-01-26 21:13:26.469  INFO 82883 --- [    Test worker] .b.t.a.w.s.WebMvcTestContextBootstrapper : Loaded default TestExecutionListener class names from location [META-INF/spring.factories]: [org.springframework.security.test.context.support.WithSecurityContextTestExecutionListener, org.springframework.security.test.context.support.ReactorContextTestExecutionListener, org.springframework.boot.test.autoconfigure.restdocs.RestDocsTestExecutionListener, org.springframework.boot.test.autoconfigure.web.client.MockRestServiceServerResetTestExecutionListener, org.springframework.boot.test.autoconfigure.web.servlet.MockMvcPrintOnlyOnFailureTestExecutionListener, org.springframework.boot.test.autoconfigure.web.servlet.WebDriverTestExecutionListener, org.springframework.boot.test.mock.mockito.MockitoTestExecutionListener, org.springframework.boot.test.mock.mockito.ResetMocksTestExecutionListener, org.springframework.test.context.web.ServletTestExecutionListener, org.springframework.test.context.support.DirtiesContextBeforeModesTestExecutionListener, org.springframework.test.context.support.DependencyInjectionTestExecutionListener, org.springframework.test.context.support.DirtiesContextTestExecutionListener, org.springframework.test.context.transaction.TransactionalTestExecutionListener, org.springframework.test.context.jdbc.SqlScriptsTestExecutionListener]
2022-01-26 21:13:26.474  INFO 82883 --- [    Test worker] .b.t.a.w.s.WebMvcTestContextBootstrapper : Using TestExecutionListeners: [org.springframework.test.context.web.ServletTestExecutionListener@278681cd, org.springframework.test.context.support.DirtiesContextBeforeModesTestExecutionListener@4a54d408, org.springframework.boot.test.mock.mockito.MockitoTestExecutionListener@49275bf, org.springframework.boot.test.autoconfigure.SpringBootDependencyInjectionTestExecutionListener@3303f676, org.springframework.test.context.support.DirtiesContextTestExecutionListener@20989132, org.springframework.test.context.transaction.TransactionalTestExecutionListener@4c80f5bd, org.springframework.test.context.jdbc.SqlScriptsTestExecutionListener@5ba85e1f, org.springframework.security.test.context.support.WithSecurityContextTestExecutionListener@7734b35a, org.springframework.security.test.context.support.ReactorContextTestExecutionListener@13c1bd8f, org.springframework.boot.test.autoconfigure.restdocs.RestDocsTestExecutionListener@58278f57, org.springframework.boot.test.autoconfigure.web.client.MockRestServiceServerResetTestExecutionListener@41e66aea, org.springframework.boot.test.autoconfigure.web.servlet.MockMvcPrintOnlyOnFailureTestExecutionListener@131aafef, org.springframework.boot.test.autoconfigure.web.servlet.WebDriverTestExecutionListener@d2945c6, org.springframework.boot.test.mock.mockito.ResetMocksTestExecutionListener@69902e03]

  .   ____          _            __ _ _
 /\\ / ___'_ __ _ _(_)_ __  __ _ \ \ \ \
( ( )\___ | '_ | '_| | '_ \/ _` | \ \ \ \
 \\/  ___)| |_)| | | | | || (_| |  ) ) ) )
  '  |____| .__|_| |_|_| |_\__, | / / / /
 =========|_|==============|___/=/_/_/_/
 :: Spring Boot ::        (v2.1.7.RELEASE)

2022-01-26 21:13:26.521  INFO 82883 --- [    Test worker] c.l.t.s.web.HelloControllerTest          : Starting HelloControllerTest on knuprime074ui-MacBook-Pro.local with PID 82883 (started by leeseungmin in /Users/leeseungmin/Desktop/springboot-webservice)
2022-01-26 21:13:26.522  INFO 82883 --- [    Test worker] c.l.t.s.web.HelloControllerTest          : No active profile set, falling back to default profiles: default
2022-01-26 21:13:27.069  INFO 82883 --- [    Test worker] o.s.s.concurrent.ThreadPoolTaskExecutor  : Initializing ExecutorService 'applicationTaskExecutor'
2022-01-26 21:13:27.111  INFO 82883 --- [    Test worker] o.s.b.a.w.s.WelcomePageHandlerMapping    : Adding welcome page template: index
2022-01-26 21:13:27.415  INFO 82883 --- [    Test worker] .s.s.UserDetailsServiceAutoConfiguration : 

Using generated security password: 60999c6a-2672-4a9f-a718-f3eb468e3d95

2022-01-26 21:13:27.574  INFO 82883 --- [    Test worker] o.s.s.web.DefaultSecurityFilterChain     : Creating filter chain: any request, [org.springframework.security.web.context.request.async.WebAsyncManagerIntegrationFilter@5be9623a, org.springframework.security.web.context.SecurityContextPersistenceFilter@1d2ca56a, org.springframework.security.web.header.HeaderWriterFilter@75b8544, org.springframework.security.web.csrf.CsrfFilter@7b041fa9, org.springframework.security.web.authentication.logout.LogoutFilter@7cf43b4d, org.springframework.security.web.authentication.UsernamePasswordAuthenticationFilter@45f1b9fa, org.springframework.security.web.authentication.ui.DefaultLoginPageGeneratingFilter@94c8ec7, org.springframework.security.web.authentication.ui.DefaultLogoutPageGeneratingFilter@38858311, org.springframework.security.web.authentication.www.BasicAuthenticationFilter@3814243c, org.springframework.security.web.savedrequest.RequestCacheAwareFilter@475041a1, org.springframework.security.web.servletapi.SecurityContextHolderAwareRequestFilter@1c7a9daa, org.springframework.security.web.authentication.AnonymousAuthenticationFilter@21a975f9, org.springframework.security.web.session.SessionManagementFilter@5c793b51, org.springframework.security.web.access.ExceptionTranslationFilter@7ebb9af, org.springframework.security.web.access.intercept.FilterSecurityInterceptor@499b6ed3]
2022-01-26 21:13:27.616  INFO 82883 --- [    Test worker] o.s.b.t.m.w.SpringBootMockServletContext : Initializing Spring TestDispatcherServlet ''
2022-01-26 21:13:27.616  INFO 82883 --- [    Test worker] o.s.t.web.servlet.TestDispatcherServlet  : Initializing Servlet ''
2022-01-26 21:13:27.633  INFO 82883 --- [    Test worker] o.s.t.web.servlet.TestDispatcherServlet  : Completed initialization in 17 ms
2022-01-26 21:13:27.670  INFO 82883 --- [    Test worker] c.l.t.s.web.HelloControllerTest          : Started HelloControllerTest in 1.192 seconds (JVM running for 11.62)
]]></system-out>
  <system-err><![CDATA[]]></system-err>
</testsuite>
