<?xml version="1.0" encoding="UTF-8"?>
<testsuite name="com.lsm.test.springboot.web.PostsApiControllerTest" tests="2" skipped="0" failures="0" errors="0" timestamp="2022-01-24T18:10:53" hostname="knuprime074ui-MacBook-Pro.local" time="0.236">
  <properties/>
  <testcase name="Posts_등록된다" classname="com.lsm.test.springboot.web.PostsApiControllerTest" time="0.167"/>
  <testcase name="Posts_수정된다" classname="com.lsm.test.springboot.web.PostsApiControllerTest" time="0.068"/>
  <system-out><![CDATA[2022-01-25 03:10:53.575  INFO 70386 --- [    Test worker] .b.t.c.SpringBootTestContextBootstrapper : Neither @ContextConfiguration nor @ContextHierarchy found for test class [com.lsm.test.springboot.web.PostsApiControllerTest], using SpringBootContextLoader
2022-01-25 03:10:53.576  INFO 70386 --- [    Test worker] o.s.t.c.support.AbstractContextLoader    : Could not detect default resource locations for test class [com.lsm.test.springboot.web.PostsApiControllerTest]: no resource found for suffixes {-context.xml, Context.groovy}.
2022-01-25 03:10:53.577  INFO 70386 --- [    Test worker] t.c.s.AnnotationConfigContextLoaderUtils : Could not detect default configuration classes for test class [com.lsm.test.springboot.web.PostsApiControllerTest]: PostsApiControllerTest does not declare any static, non-private, non-final, nested classes annotated with @Configuration.
2022-01-25 03:10:53.579  INFO 70386 --- [    Test worker] .b.t.c.SpringBootTestContextBootstrapper : Found @SpringBootConfiguration com.lsm.test.springboot.Application for test class com.lsm.test.springboot.web.PostsApiControllerTest
2022-01-25 03:10:53.582  INFO 70386 --- [    Test worker] .b.t.c.SpringBootTestContextBootstrapper : Loaded default TestExecutionListener class names from location [META-INF/spring.factories]: [org.springframework.security.test.context.support.WithSecurityContextTestExecutionListener, org.springframework.security.test.context.support.ReactorContextTestExecutionListener, org.springframework.boot.test.autoconfigure.restdocs.RestDocsTestExecutionListener, org.springframework.boot.test.autoconfigure.web.client.MockRestServiceServerResetTestExecutionListener, org.springframework.boot.test.autoconfigure.web.servlet.MockMvcPrintOnlyOnFailureTestExecutionListener, org.springframework.boot.test.autoconfigure.web.servlet.WebDriverTestExecutionListener, org.springframework.boot.test.mock.mockito.MockitoTestExecutionListener, org.springframework.boot.test.mock.mockito.ResetMocksTestExecutionListener, org.springframework.test.context.web.ServletTestExecutionListener, org.springframework.test.context.support.DirtiesContextBeforeModesTestExecutionListener, org.springframework.test.context.support.DependencyInjectionTestExecutionListener, org.springframework.test.context.support.DirtiesContextTestExecutionListener, org.springframework.test.context.transaction.TransactionalTestExecutionListener, org.springframework.test.context.jdbc.SqlScriptsTestExecutionListener]
2022-01-25 03:10:53.582  INFO 70386 --- [    Test worker] .b.t.c.SpringBootTestContextBootstrapper : Using TestExecutionListeners: [org.springframework.test.context.web.ServletTestExecutionListener@45ee0960, org.springframework.test.context.support.DirtiesContextBeforeModesTestExecutionListener@26366478, org.springframework.boot.test.mock.mockito.MockitoTestExecutionListener@69415753, org.springframework.boot.test.autoconfigure.SpringBootDependencyInjectionTestExecutionListener@42395b7, org.springframework.test.context.support.DirtiesContextTestExecutionListener@3133295a, org.springframework.test.context.transaction.TransactionalTestExecutionListener@24339ea0, org.springframework.test.context.jdbc.SqlScriptsTestExecutionListener@472baeba, org.springframework.security.test.context.support.WithSecurityContextTestExecutionListener@5f3d15c5, org.springframework.security.test.context.support.ReactorContextTestExecutionListener@77ec9e81, org.springframework.boot.test.autoconfigure.restdocs.RestDocsTestExecutionListener@4f92d842, org.springframework.boot.test.autoconfigure.web.client.MockRestServiceServerResetTestExecutionListener@5556f174, org.springframework.boot.test.autoconfigure.web.servlet.MockMvcPrintOnlyOnFailureTestExecutionListener@62724526, org.springframework.boot.test.autoconfigure.web.servlet.WebDriverTestExecutionListener@71f9c77f, org.springframework.boot.test.mock.mockito.ResetMocksTestExecutionListener@287041ca]
2022-01-25 03:10:53.604  INFO 70386 --- [    Test worker] o.a.c.c.C.[Tomcat].[localhost].[/]       : Initializing Spring TestDispatcherServlet ''
2022-01-25 03:10:53.604  INFO 70386 --- [    Test worker] o.s.t.web.servlet.TestDispatcherServlet  : Initializing Servlet ''
2022-01-25 03:10:53.608  INFO 70386 --- [    Test worker] o.s.t.web.servlet.TestDispatcherServlet  : Completed initialization in 4 ms
Hibernate: insert into posts (create_date, modified_date, author, content, title) values (?, ?, ?, ?, ?)
Hibernate: select posts0_.id as id1_0_, posts0_.create_date as create_d2_0_, posts0_.modified_date as modified3_0_, posts0_.author as author4_0_, posts0_.content as content5_0_, posts0_.title as title6_0_ from posts posts0_
Hibernate: select posts0_.id as id1_0_, posts0_.create_date as create_d2_0_, posts0_.modified_date as modified3_0_, posts0_.author as author4_0_, posts0_.content as content5_0_, posts0_.title as title6_0_ from posts posts0_
Hibernate: delete from posts where id=?
2022-01-25 03:10:53.758  INFO 70386 --- [    Test worker] o.a.c.c.C.[Tomcat].[localhost].[/]       : Initializing Spring TestDispatcherServlet ''
2022-01-25 03:10:53.758  INFO 70386 --- [    Test worker] o.s.t.web.servlet.TestDispatcherServlet  : Initializing Servlet ''
2022-01-25 03:10:53.761  INFO 70386 --- [    Test worker] o.s.t.web.servlet.TestDispatcherServlet  : Completed initialization in 3 ms
Hibernate: insert into posts (create_date, modified_date, author, content, title) values (?, ?, ?, ?, ?)
Hibernate: select posts0_.id as id1_0_0_, posts0_.create_date as create_d2_0_0_, posts0_.modified_date as modified3_0_0_, posts0_.author as author4_0_0_, posts0_.content as content5_0_0_, posts0_.title as title6_0_0_ from posts posts0_ where posts0_.id=?
Hibernate: update posts set create_date=?, modified_date=?, author=?, content=?, title=? where id=?
Hibernate: select posts0_.id as id1_0_, posts0_.create_date as create_d2_0_, posts0_.modified_date as modified3_0_, posts0_.author as author4_0_, posts0_.content as content5_0_, posts0_.title as title6_0_ from posts posts0_
Hibernate: select posts0_.id as id1_0_, posts0_.create_date as create_d2_0_, posts0_.modified_date as modified3_0_, posts0_.author as author4_0_, posts0_.content as content5_0_, posts0_.title as title6_0_ from posts posts0_
Hibernate: delete from posts where id=?
]]></system-out>
  <system-err><![CDATA[]]></system-err>
</testsuite>
