<?xml version="1.0" encoding="UTF-8"?>
<testsuite name="com.lsm.test.springboot.web.dto.HelloResponseDtoTest" tests="1" skipped="0" failures="0" errors="0" timestamp="2022-01-26T12:13:16" hostname="knuprime074ui-MacBook-Pro.local" time="0.101">
  <properties/>
  <testcase name="롬복_기능_테스트" classname="com.lsm.test.springboot.web.dto.HelloResponseDtoTest" time="0.101"/>
  <system-out><![CDATA[]]></system-out>
  <system-err><![CDATA[]]></system-err>
</testsuite>
